<?xml version="1.0" encoding="UTF-8" ?>
<testsuite tests="1" failures="0" name="com.jvmhub.tutorial.AppTest" time="0.23" errors="1" skipped="0">
  <properties>
[...]
</properties>
  <testcase classname="com.jvmhub.tutorial.AppTest" name="testApp" time="0.23">
    <error message="Unable to load class [ com.jvmhub.tutorial.entity.AppUser] declared in Hibernate configuration &lt;mapping/&gt; entry" type="org.hibernate.MappingException">org.hibernate.MappingException: Unable to load class [ com.jvmhub.tutorial.entity.AppUser] declared in Hibernate configuration &lt;mapping/&gt; entry
	at org.hibernate.cfg.Configuration.parseMappingElement(Configuration.java:2219)
	at org.hibernate.cfg.Configuration.parseSessionFactory(Configuration.java:2167)
	at org.hibernate.cfg.Configuration.doConfigure(Configuration.java:2147)
	at org.hibernate.cfg.Configuration.doConfigure(Configuration.java:2100)
	at org.hibernate.cfg.Configuration.configure(Configuration.java:2015)
	at org.hibernate.cfg.Configuration.configure(Configuration.java:1994)
	at com.jvmhub.tutorial.AppTest.testApp(AppTest.java:17)
Caused by: java.lang.ClassNotFoundException: com.jvmhub.tutorial.entity.AppUser
	at java.base/jdk.internal.loader.BuiltinClassLoader.loadClass(BuiltinClassLoader.java:641)
	at java.base/jdk.internal.loader.ClassLoaders$AppClassLoader.loadClass(ClassLoaders.java:188)
	at java.base/java.lang.ClassLoader.loadClass(ClassLoader.java:520)
	at java.base/java.lang.Class.forName0(Native Method)
	at java.base/java.lang.Class.forName(Class.java:375)
	at org.hibernate.internal.util.ReflectHelper.classForName(ReflectHelper.java:192)
	at org.hibernate.cfg.Configuration.parseMappingElement(Configuration.java:2216)
	... 34 more
</error>
    <system-err>февр. 11, 2022 2:08:15 PM org.hibernate.annotations.common.Version &lt;clinit&gt;
INFO: HCANN000001: Hibernate Commons Annotations {4.0.2.Final}
февр. 11, 2022 2:08:15 PM org.hibernate.Version logVersion
INFO: HHH000412: Hibernate Core {4.2.15.Final}
февр. 11, 2022 2:08:15 PM org.hibernate.cfg.Environment &lt;clinit&gt;
INFO: HHH000206: hibernate.properties not found
февр. 11, 2022 2:08:15 PM org.hibernate.cfg.Environment buildBytecodeProvider
INFO: HHH000021: Bytecode provider name : javassist
февр. 11, 2022 2:08:15 PM org.hibernate.cfg.Configuration configure
INFO: HHH000043: Configuring from resource: /hibernate.cfg.xml
февр. 11, 2022 2:08:15 PM org.hibernate.cfg.Configuration getConfigurationInputStream
INFO: HHH000040: Configuration resource: /hibernate.cfg.xml
</system-err>
  </testcase>
</testsuite>